0 info it worked if it ends with ok
1 verbose cli [ 'C:\\Program Files (x86)\\nodejs\\node.exe',
1 verbose cli   'C:\\Program Files (x86)\\nodejs\\node_modules\\npm\\bin\\npm-cli.js',
1 verbose cli   'start' ]
2 info using npm@3.10.10
3 info using node@v6.9.5
4 verbose run-script [ 'prestart', 'start', 'poststart' ]
5 info lifecycle parse-server-dashboard@1.0.0~prestart: parse-server-dashboard@1.0.0
6 silly lifecycle parse-server-dashboard@1.0.0~prestart: no script for prestart, continuing
7 info lifecycle parse-server-dashboard@1.0.0~start: parse-server-dashboard@1.0.0
8 verbose lifecycle parse-server-dashboard@1.0.0~start: unsafe-perm in lifecycle true
9 verbose lifecycle parse-server-dashboard@1.0.0~start: PATH: C:\Program Files (x86)\nodejs\node_modules\npm\bin\node-gyp-bin;E:\NODE\parse_server_dashboard\node_modules\.bin;G:\Ruby23-x64\bin;C:\ProgramData\Oracle\Java\javapath;C:\Windows\system32;C:\Windows;C:\Windows\System32\Wbem;C:\Windows\System32\WindowsPowerShell\v1.0\;C:\Users\Administrator\.dnx\bin;C:\Program Files\Microsoft DNX\Dnvm\;C:\Program Files\Microsoft SQL Server\130\Tools\Binn\;D:\Git\cmd;D:\gittort\bin;C:\Program Files\Java\jdk1.8.0_121\bin;D:\Sencmd;C:\ProgramData\ComposerSetup\bin;C:\Program Files (x86)\GtkSharp\2.12\bin;C:\Program Files (x86)\nodejs\;C:\Program Files (x86)\Windows Kits\8.1\Windows Performance Toolkit\;D:\Sencmd/..;;C:\Program Files (x86)\Microsoft VS Code\bin;C:\Users\Administrator\AppData\Roaming\Composer\vendor\bin;G:\python\;G:\Vim\vim80;C:\Users\Administrator\AppData\Local\Google\Chrome\Application\;G:\opencv\opencv\build\bin;C:\Users\Administrator\AppData\Roaming\npm;D:\php7\wamp\bin\mysql\mysql5.7.14\bin;D:\php7\wamp\bin\php\php7.0.10;E:\ffmpeg\bin;D:\Program Files (x86)\Mozilla Firefox\;C:\Users\Administrator\AppData\Local\Google\Chrome\Application;G:\python\Scripts;E:\NODE\selenium\drives
10 verbose lifecycle parse-server-dashboard@1.0.0~start: CWD: E:\NODE\parse_server_dashboard
11 silly lifecycle parse-server-dashboard@1.0.0~start: Args: [ '/d /s /c', ' node index.js' ]
12 verbose stack Error: kill ENOSYS
12 verbose stack     at exports._errnoException (util.js:1022:11)
12 verbose stack     at process.kill (internal/process.js:172:13)
12 verbose stack     at process.listener (C:\Program Files (x86)\nodejs\node_modules\npm\node_modules\npmlog\node_modules\gauge\node_modules\signal-exit\index.js:86:15)
12 verbose stack     at emitNone (events.js:91:20)
12 verbose stack     at process.emit (events.js:185:7)
12 verbose stack     at processEmit (C:\Program Files (x86)\nodejs\node_modules\npm\node_modules\npmlog\node_modules\gauge\node_modules\signal-exit\index.js:146:32)
12 verbose stack     at processEmit (C:\Program Files (x86)\nodejs\node_modules\npm\node_modules\npm-registry-client\node_modules\npmlog\node_modules\gauge\node_modules\signal-exit\index.js:146:32)
12 verbose stack     at Signal.wrap.onsignal (internal/process.js:199:44)
13 verbose cwd E:\NODE\parse_server_dashboard
14 error Windows_NT 6.1.7601
15 error argv "C:\\Program Files (x86)\\nodejs\\node.exe" "C:\\Program Files (x86)\\nodejs\\node_modules\\npm\\bin\\npm-cli.js" "start"
16 error node v6.9.5
17 error npm  v3.10.10
18 error code ENOSYS
19 error errno ENOSYS
20 error syscall kill
21 error kill ENOSYS
22 error If you need help, you may report this error at:
22 error     <https://github.com/npm/npm/issues>
23 verbose exit [ 1, true ]
